  源.cpp
d:\桌面\workfiles\code file\[deadline：2021.3.31]one weekend raytracing learning\mylearingproject\mylearingproject\vec3.h(52): warning C4244: “初始化”: 从“double”转换到“float”，可能丢失数据
d:\桌面\workfiles\code file\[deadline：2021.3.31]one weekend raytracing learning\mylearingproject\mylearingproject\vec3.h(131): warning C4244: “初始化”: 从“double”转换到“float”，可能丢失数据
d:\桌面\workfiles\code file\[deadline：2021.3.31]one weekend raytracing learning\mylearingproject\mylearingproject\hitable.h(84): warning C4244: “初始化”: 从“double”转换到“float”，可能丢失数据
d:\桌面\workfiles\code file\[deadline：2021.3.31]one weekend raytracing learning\mylearingproject\mylearingproject\hitablelist.h(22): warning C4244: “参数”: 从“double”转换到“float”，可能丢失数据
d:\桌面\workfiles\code file\[deadline：2021.3.31]one weekend raytracing learning\mylearingproject\mylearingproject\random.h(12): warning C4244: “参数”: 从“double”转换到“float”，可能丢失数据
d:\桌面\workfiles\code file\[deadline：2021.3.31]one weekend raytracing learning\mylearingproject\mylearingproject\camera.h(10): warning C4244: “参数”: 从“double”转换到“float”，可能丢失数据
d:\桌面\workfiles\code file\[deadline：2021.3.31]one weekend raytracing learning\mylearingproject\mylearingproject\camera.h(23): warning C4244: “初始化”: 从“double”转换到“float”，可能丢失数据
d:\桌面\workfiles\code file\[deadline：2021.3.31]one weekend raytracing learning\mylearingproject\mylearingproject\camera.h(40): warning C4244: “初始化”: 从“double”转换到“float”，可能丢失数据
d:\桌面\workfiles\code file\[deadline：2021.3.31]one weekend raytracing learning\mylearingproject\mylearingproject\perlin.h(27): warning C4244: “初始化”: 从“float”转换到“int”，可能丢失数据
d:\桌面\workfiles\code file\[deadline：2021.3.31]one weekend raytracing learning\mylearingproject\mylearingproject\perlin.h(28): warning C4244: “初始化”: 从“float”转换到“int”，可能丢失数据
d:\桌面\workfiles\code file\[deadline：2021.3.31]one weekend raytracing learning\mylearingproject\mylearingproject\perlin.h(29): warning C4244: “初始化”: 从“float”转换到“int”，可能丢失数据
d:\桌面\workfiles\code file\[deadline：2021.3.31]one weekend raytracing learning\mylearingproject\mylearingproject\perlin.h(57): warning C4244: “参数”: 从“double”转换到“float”，可能丢失数据
d:\桌面\workfiles\code file\[deadline：2021.3.31]one weekend raytracing learning\mylearingproject\mylearingproject\material.h(14): warning C4244: “初始化”: 从“double”转换到“float”，可能丢失数据
d:\桌面\workfiles\code file\[deadline：2021.3.31]one weekend raytracing learning\mylearingproject\mylearingproject\material.h(92): warning C4244: “=”: 从“double”转换到“float”，可能丢失数据
d:\桌面\workfiles\code file\[deadline：2021.3.31]one weekend raytracing learning\mylearingproject\mylearingproject\rectangle.h(12): warning C4244: “参数”: 从“double”转换到“float”，可能丢失数据
d:\桌面\workfiles\code file\[deadline：2021.3.31]one weekend raytracing learning\mylearingproject\mylearingproject\rectangle.h(43): warning C4244: “参数”: 从“double”转换到“float”，可能丢失数据
d:\桌面\workfiles\code file\[deadline：2021.3.31]one weekend raytracing learning\mylearingproject\mylearingproject\rectangle.h(74): warning C4244: “参数”: 从“double”转换到“float”，可能丢失数据
d:\桌面\workfiles\code file\[deadline：2021.3.31]one weekend raytracing learning\mylearingproject\mylearingproject\constant_medium.h(49): warning C4244: “参数”: 从“double”转换到“float”，可能丢失数据
d:\桌面\workfiles\code file\[deadline：2021.3.31]one weekend raytracing learning\mylearingproject\mylearingproject\constant_medium.h(62): warning C4244: “初始化”: 从“double”转换到“float”，可能丢失数据
d:\桌面\workfiles\code file\[deadline：2021.3.31]one weekend raytracing learning\mylearingproject\mylearingproject\源.cpp(16): warning C4305: “参数”: 从“double”到“float”截断
d:\桌面\workfiles\code file\[deadline：2021.3.31]one weekend raytracing learning\mylearingproject\mylearingproject\源.cpp(38): warning C4305: “参数”: 从“double”到“float”截断
d:\桌面\workfiles\code file\[deadline：2021.3.31]one weekend raytracing learning\mylearingproject\mylearingproject\源.cpp(39): warning C4305: “参数”: 从“double”到“float”截断
d:\桌面\workfiles\code file\[deadline：2021.3.31]one weekend raytracing learning\mylearingproject\mylearingproject\源.cpp(60): warning C4305: “参数”: 从“double”到“float”截断
d:\桌面\workfiles\code file\[deadline：2021.3.31]one weekend raytracing learning\mylearingproject\mylearingproject\源.cpp(61): warning C4305: “参数”: 从“double”到“float”截断
d:\桌面\workfiles\code file\[deadline：2021.3.31]one weekend raytracing learning\mylearingproject\mylearingproject\源.cpp(68): warning C4244: “初始化”: 从“double”转换到“float”，可能丢失数据
d:\桌面\workfiles\code file\[deadline：2021.3.31]one weekend raytracing learning\mylearingproject\mylearingproject\源.cpp(69): warning C4244: “参数”: 从“double”转换到“float”，可能丢失数据
d:\桌面\workfiles\code file\[deadline：2021.3.31]one weekend raytracing learning\mylearingproject\mylearingproject\源.cpp(69): warning C4305: “参数”: 从“double”到“float”截断
d:\桌面\workfiles\code file\[deadline：2021.3.31]one weekend raytracing learning\mylearingproject\mylearingproject\源.cpp(70): warning C4305: “参数”: 从“double”到“float”截断
d:\桌面\workfiles\code file\[deadline：2021.3.31]one weekend raytracing learning\mylearingproject\mylearingproject\源.cpp(74): warning C4244: “参数”: 从“double”转换到“float”，可能丢失数据
d:\桌面\workfiles\code file\[deadline：2021.3.31]one weekend raytracing learning\mylearingproject\mylearingproject\源.cpp(75): warning C4305: “参数”: 从“double”到“float”截断
d:\桌面\workfiles\code file\[deadline：2021.3.31]one weekend raytracing learning\mylearingproject\mylearingproject\源.cpp(81): warning C4244: “参数”: 从“double”转换到“float”，可能丢失数据
d:\桌面\workfiles\code file\[deadline：2021.3.31]one weekend raytracing learning\mylearingproject\mylearingproject\源.cpp(80): warning C4244: “参数”: 从“double”转换到“float”，可能丢失数据
d:\桌面\workfiles\code file\[deadline：2021.3.31]one weekend raytracing learning\mylearingproject\mylearingproject\源.cpp(79): warning C4244: “参数”: 从“double”转换到“float”，可能丢失数据
d:\桌面\workfiles\code file\[deadline：2021.3.31]one weekend raytracing learning\mylearingproject\mylearingproject\源.cpp(82): warning C4244: “参数”: 从“double”转换到“float”，可能丢失数据
d:\桌面\workfiles\code file\[deadline：2021.3.31]one weekend raytracing learning\mylearingproject\mylearingproject\源.cpp(82): warning C4305: “参数”: 从“double”到“float”截断
d:\桌面\workfiles\code file\[deadline：2021.3.31]one weekend raytracing learning\mylearingproject\mylearingproject\源.cpp(85): warning C4305: “参数”: 从“double”到“float”截断
d:\桌面\workfiles\code file\[deadline：2021.3.31]one weekend raytracing learning\mylearingproject\mylearingproject\源.cpp(92): warning C4305: “参数”: 从“double”到“float”截断
d:\桌面\workfiles\code file\[deadline：2021.3.31]one weekend raytracing learning\mylearingproject\mylearingproject\源.cpp(93): warning C4305: “参数”: 从“double”到“float”截断
d:\桌面\workfiles\code file\[deadline：2021.3.31]one weekend raytracing learning\mylearingproject\mylearingproject\源.cpp(113): warning C4305: “参数”: 从“double”到“float”截断
d:\桌面\workfiles\code file\[deadline：2021.3.31]one weekend raytracing learning\mylearingproject\mylearingproject\源.cpp(114): warning C4305: “参数”: 从“double”到“float”截断
d:\桌面\workfiles\code file\[deadline：2021.3.31]one weekend raytracing learning\mylearingproject\mylearingproject\源.cpp(115): warning C4305: “参数”: 从“double”到“float”截断
d:\桌面\workfiles\code file\[deadline：2021.3.31]one weekend raytracing learning\mylearingproject\mylearingproject\源.cpp(139): warning C4305: “参数”: 从“double”到“float”截断
d:\桌面\workfiles\code file\[deadline：2021.3.31]one weekend raytracing learning\mylearingproject\mylearingproject\源.cpp(140): warning C4305: “参数”: 从“double”到“float”截断
d:\桌面\workfiles\code file\[deadline：2021.3.31]one weekend raytracing learning\mylearingproject\mylearingproject\源.cpp(141): warning C4305: “参数”: 从“double”到“float”截断
d:\桌面\workfiles\code file\[deadline：2021.3.31]one weekend raytracing learning\mylearingproject\mylearingproject\源.cpp(159): warning C4305: “参数”: 从“double”到“float”截断
d:\桌面\workfiles\code file\[deadline：2021.3.31]one weekend raytracing learning\mylearingproject\mylearingproject\源.cpp(161): warning C4305: “参数”: 从“double”到“float”截断
  MyLearingProject.vcxproj -> D:\桌面\Workfiles\code file\[deadline：2021.3.31]One Weekend RayTracing Learning\MyLearingProject\Debug\MyLearingProject.exe
